DEPRECATION WARNING: `Rails.application.secrets` is deprecated in favor of `Rails.application.credentials` and will be removed in Rails 7.2. (called from <main> at C:/Users/User/Documents/GitHub/Errortracker/config/environment.rb:5)
Started GET "/" for ::1 at 2024-04-23 22:19:49 -0400
  [1m[35m (2.8ms)[0m  [1m[35mCREATE TABLE "schema_migrations" ("version" varchar NOT NULL PRIMARY KEY)[0m
  [1m[35m (0.3ms)[0m  [1m[35mCREATE TABLE "ar_internal_metadata" ("key" varchar NOT NULL PRIMARY KEY, "value" varchar, "created_at" datetime(6) NOT NULL, "updated_at" datetime(6) NOT NULL)[0m
  [1m[36mActiveRecord::SchemaMigration Load (0.2ms)[0m  [1m[34mSELECT "schema_migrations"."version" FROM "schema_migrations" ORDER BY "schema_migrations"."version" ASC[0m
  
ActiveRecord::PendingMigrationError (

Migrations are pending. To resolve this issue, run:

        bin/rails db:migrate

You have 4 pending migrations:

db/migrate/20240423203014_create_errors.rb
db/migrate/20240423225126_devise_create_users.rb
db/migrate/20240423233535_add_progress_to_errors.rb
db/migrate/20240424004831_add_user_id_to_errors.rb


):
  
activerecord (7.1.3.2) lib/active_record/migration.rb:755:in `check_pending_migrations'
activerecord (7.1.3.2) lib/active_record/migration.rb:644:in `block (2 levels) in call'
activesupport (7.1.3.2) lib/active_support/file_update_checker.rb:85:in `execute'
activerecord (7.1.3.2) lib/active_record/migration.rb:649:in `block in call'
activerecord (7.1.3.2) lib/active_record/migration.rb:641:in `synchronize'
activerecord (7.1.3.2) lib/active_record/migration.rb:641:in `call'
actionpack (7.1.3.2) lib/action_dispatch/middleware/callbacks.rb:29:in `block in call'
activesupport (7.1.3.2) lib/active_support/callbacks.rb:101:in `run_callbacks'
actionpack (7.1.3.2) lib/action_dispatch/middleware/callbacks.rb:28:in `call'
actionpack (7.1.3.2) lib/action_dispatch/middleware/executor.rb:14:in `call'
actionpack (7.1.3.2) lib/action_dispatch/middleware/actionable_exceptions.rb:16:in `call'
actionpack (7.1.3.2) lib/action_dispatch/middleware/debug_exceptions.rb:29:in `call'
web-console (4.2.1) lib/web_console/middleware.rb:132:in `call_app'
web-console (4.2.1) lib/web_console/middleware.rb:28:in `block in call'
web-console (4.2.1) lib/web_console/middleware.rb:17:in `catch'
web-console (4.2.1) lib/web_console/middleware.rb:17:in `call'
actionpack (7.1.3.2) lib/action_dispatch/middleware/show_exceptions.rb:31:in `call'
railties (7.1.3.2) lib/rails/rack/logger.rb:37:in `call_app'
railties (7.1.3.2) lib/rails/rack/logger.rb:24:in `block in call'
activesupport (7.1.3.2) lib/active_support/tagged_logging.rb:135:in `block in tagged'
activesupport (7.1.3.2) lib/active_support/tagged_logging.rb:39:in `tagged'
activesupport (7.1.3.2) lib/active_support/tagged_logging.rb:135:in `tagged'
activesupport (7.1.3.2) lib/active_support/broadcast_logger.rb:240:in `method_missing'
railties (7.1.3.2) lib/rails/rack/logger.rb:24:in `call'
sprockets-rails (3.4.2) lib/sprockets/rails/quiet_assets.rb:13:in `call'
actionpack (7.1.3.2) lib/action_dispatch/middleware/remote_ip.rb:92:in `call'
actionpack (7.1.3.2) lib/action_dispatch/middleware/request_id.rb:28:in `call'
rack (3.0.10) lib/rack/method_override.rb:28:in `call'
rack (3.0.10) lib/rack/runtime.rb:24:in `call'
activesupport (7.1.3.2) lib/active_support/cache/strategy/local_cache_middleware.rb:29:in `call'
actionpack (7.1.3.2) lib/action_dispatch/middleware/server_timing.rb:59:in `block in call'
actionpack (7.1.3.2) lib/action_dispatch/middleware/server_timing.rb:24:in `collect_events'
actionpack (7.1.3.2) lib/action_dispatch/middleware/server_timing.rb:58:in `call'
actionpack (7.1.3.2) lib/action_dispatch/middleware/executor.rb:14:in `call'
actionpack (7.1.3.2) lib/action_dispatch/middleware/static.rb:25:in `call'
rack (3.0.10) lib/rack/sendfile.rb:114:in `call'
actionpack (7.1.3.2) lib/action_dispatch/middleware/host_authorization.rb:141:in `call'
railties (7.1.3.2) lib/rails/engine.rb:536:in `call'
puma (6.4.2) lib/puma/configuration.rb:272:in `call'
puma (6.4.2) lib/puma/request.rb:100:in `block in handle_request'
puma (6.4.2) lib/puma/thread_pool.rb:378:in `with_force_shutdown'
puma (6.4.2) lib/puma/request.rb:99:in `handle_request'
puma (6.4.2) lib/puma/server.rb:464:in `process_client'
puma (6.4.2) lib/puma/server.rb:245:in `block in run'
puma (6.4.2) lib/puma/thread_pool.rb:155:in `block in spawn_thread'
DEPRECATION WARNING: `Rails.application.secrets` is deprecated in favor of `Rails.application.credentials` and will be removed in Rails 7.2. (called from <main> at C:/Users/User/Documents/GitHub/Errortracker/config/environment.rb:5)
  [1m[36mActiveRecord::InternalMetadata Load (0.1ms)[0m  [1m[34mSELECT * FROM "ar_internal_metadata" WHERE "ar_internal_metadata"."key" = ? ORDER BY "ar_internal_metadata"."key" ASC LIMIT 1[0m  [[nil, "environment"]]
  [1m[36mActiveRecord::InternalMetadata Create (5.6ms)[0m  [1m[32mINSERT INTO "ar_internal_metadata" ("key", "value", "created_at", "updated_at") VALUES ('environment', 'development', '2024-04-24 02:21:17.517290', '2024-04-24 02:21:17.517294') RETURNING "key"[0m
  [1m[36mActiveRecord::SchemaMigration Load (0.1ms)[0m  [1m[34mSELECT "schema_migrations"."version" FROM "schema_migrations" ORDER BY "schema_migrations"."version" ASC[0m
Migrating to CreateErrors (20240423203014)
  [1m[36mTRANSACTION (0.1ms)[0m  [1m[36mbegin transaction[0m
  [1m[35m (1.1ms)[0m  [1m[35mCREATE TABLE "errors" ("id" integer PRIMARY KEY AUTOINCREMENT NOT NULL, "name" varchar, "priority" varchar, "description" text, "person_assigned" varchar, "date_found" date, "created_at" datetime(6) NOT NULL, "updated_at" datetime(6) NOT NULL)[0m
  [1m[36mActiveRecord::SchemaMigration Create (0.1ms)[0m  [1m[32mINSERT INTO "schema_migrations" ("version") VALUES ('20240423203014') RETURNING "version"[0m
  [1m[36mTRANSACTION (0.2ms)[0m  [1m[36mcommit transaction[0m
Migrating to DeviseCreateUsers (20240423225126)
  [1m[36mTRANSACTION (0.1ms)[0m  [1m[36mbegin transaction[0m
  [1m[35m (1.0ms)[0m  [1m[35mCREATE TABLE "users" ("id" integer PRIMARY KEY AUTOINCREMENT NOT NULL, "email" varchar DEFAULT '' NOT NULL, "encrypted_password" varchar DEFAULT '' NOT NULL, "reset_password_token" varchar, "reset_password_sent_at" datetime(6), "remember_created_at" datetime(6), "created_at" datetime(6) NOT NULL, "updated_at" datetime(6) NOT NULL)[0m
  [1m[35m (0.1ms)[0m  [1m[35mCREATE UNIQUE INDEX "index_users_on_email" ON "users" ("email")[0m
  [1m[35m (0.2ms)[0m  [1m[35mCREATE UNIQUE INDEX "index_users_on_reset_password_token" ON "users" ("reset_password_token")[0m
  [1m[36mActiveRecord::SchemaMigration Create (0.1ms)[0m  [1m[32mINSERT INTO "schema_migrations" ("version") VALUES ('20240423225126') RETURNING "version"[0m
  [1m[36mTRANSACTION (0.2ms)[0m  [1m[36mcommit transaction[0m
Migrating to AddProgressToErrors (20240423233535)
  [1m[36mTRANSACTION (0.1ms)[0m  [1m[36mbegin transaction[0m
  [1m[35m (1.0ms)[0m  [1m[35mALTER TABLE "errors" ADD "progress" varchar[0m
  [1m[36mActiveRecord::SchemaMigration Create (0.1ms)[0m  [1m[32mINSERT INTO "schema_migrations" ("version") VALUES ('20240423233535') RETURNING "version"[0m
  [1m[36mTRANSACTION (0.2ms)[0m  [1m[36mcommit transaction[0m
Migrating to AddUserIdToErrors (20240424004831)
  [1m[36mTRANSACTION (0.1ms)[0m  [1m[36mbegin transaction[0m
  [1m[35m (1.8ms)[0m  [1m[35mALTER TABLE "errors" ADD "user_id" integer[0m
  [1m[35m (0.2ms)[0m  [1m[35mCREATE INDEX "index_errors_on_user_id" ON "errors" ("user_id")[0m
  [1m[36mActiveRecord::SchemaMigration Create (0.1ms)[0m  [1m[32mINSERT INTO "schema_migrations" ("version") VALUES ('20240424004831') RETURNING "version"[0m
  [1m[36mTRANSACTION (0.1ms)[0m  [1m[36mcommit transaction[0m
  [1m[36mActiveRecord::SchemaMigration Load (0.0ms)[0m  [1m[34mSELECT "schema_migrations"."version" FROM "schema_migrations" ORDER BY "schema_migrations"."version" ASC[0m
DEPRECATION WARNING: `Rails.application.secrets` is deprecated in favor of `Rails.application.credentials` and will be removed in Rails 7.2. (called from <main> at C:/Users/User/Documents/GitHub/Errortracker/config/environment.rb:5)
Started GET "/" for ::1 at 2024-04-23 22:21:38 -0400
  [1m[36mActiveRecord::SchemaMigration Load (0.1ms)[0m  [1m[34mSELECT "schema_migrations"."version" FROM "schema_migrations" ORDER BY "schema_migrations"."version" ASC[0m
Processing by HomeController#index as HTML
  Rendering layout layouts/application.html.erb
  Rendering home/index.html.erb within layouts/application
  Rendered home/index.html.erb within layouts/application (Duration: 0.7ms | Allocations: 184)
  Rendered layout layouts/application.html.erb (Duration: 669.0ms | Allocations: 81321)
Completed 500 Internal Server Error in 735ms (ActiveRecord: 0.0ms | Allocations: 87013)


  
ActionView::Template::Error (Permission denied @ rb_file_s_rename - (C:/Users/User/Documents/GitHub/Errortracker/tmp/cache/assets/sprockets/v4.0.0/LI/LIaQDQMUPy4c7WNdmSA_kUbFoMMuOYxzAqOctCmIm_Y.cache.25300.4304.156261, C:/Users/User/Documents/GitHub/Errortracker/tmp/cache/assets/sprockets/v4.0.0/LI/LIaQDQMUPy4c7WNdmSA_kUbFoMMuOYxzAqOctCmIm_Y.cache)):
  
sprockets (4.2.1) lib/sprockets/path_utils.rb:362:in `rename'
sprockets (4.2.1) lib/sprockets/path_utils.rb:362:in `atomic_write'
sprockets (4.2.1) lib/sprockets/cache/file_store.rb:112:in `set'
sprockets (4.2.1) lib/sprockets/cache.rb:227:in `set'
sprockets (4.2.1) lib/sprockets/cache.rb:93:in `fetch'
sprockets (4.2.1) lib/sprockets/base.rb:71:in `file_digest'
sprockets (4.2.1) lib/sprockets.rb:213:in `block in <module:Sprockets>'
sprockets (4.2.1) lib/sprockets/dependencies.rb:68:in `resolve_dependency'
sprockets (4.2.1) lib/sprockets/cached_environment.rb:54:in `block in resolve_dependency'
concurrent-ruby (1.2.3) lib/concurrent-ruby/concurrent/map.rb:207:in `block in fetch_or_store'
concurrent-ruby (1.2.3) lib/concurrent-ruby/concurrent/map.rb:187:in `fetch'
concurrent-ruby (1.2.3) lib/concurrent-ruby/concurrent/map.rb:206:in `fetch_or_store'
sprockets (4.2.1) lib/sprockets/cached_environment.rb:54:in `resolve_dependency'
sprockets (4.2.1) lib/sprockets/loader.rb:290:in `block in resolve_dependencies'
C:/Ruby32-x64/lib/ruby/3.2.0/set.rb:511:in `each_key'
C:/Ruby32-x64/lib/ruby/3.2.0/set.rb:511:in `each'
sprockets (4.2.1) lib/sprockets/loader.rb:290:in `map'
sprockets (4.2.1) lib/sprockets/loader.rb:290:in `resolve_dependencies'
sprockets (4.2.1) lib/sprockets/loader.rb:222:in `load_from_unloaded'
sprockets (4.2.1) lib/sprockets/loader.rb:59:in `block in load'
sprockets (4.2.1) lib/sprockets/loader.rb:339:in `fetch_asset_from_dependency_cache'
sprockets (4.2.1) lib/sprockets/loader.rb:43:in `load'
sprockets (4.2.1) lib/sprockets/cached_environment.rb:44:in `block in load'
concurrent-ruby (1.2.3) lib/concurrent-ruby/concurrent/map.rb:207:in `block in fetch_or_store'
concurrent-ruby (1.2.3) lib/concurrent-ruby/concurrent/map.rb:187:in `fetch'
concurrent-ruby (1.2.3) lib/concurrent-ruby/concurrent/map.rb:206:in `fetch_or_store'
sprockets (4.2.1) lib/sprockets/cached_environment.rb:44:in `load'
sprockets (4.2.1) lib/sprockets/bundle.rb:27:in `call'
sprockets (4.2.1) lib/sprockets/processor_utils.rb:84:in `call_processor'
sprockets (4.2.1) lib/sprockets/processor_utils.rb:66:in `block in call_processors'
sprockets (4.2.1) lib/sprockets/processor_utils.rb:65:in `reverse_each'
sprockets (4.2.1) lib/sprockets/processor_utils.rb:65:in `call_processors'
sprockets (4.2.1) lib/sprockets/loader.rb:184:in `load_from_unloaded'
sprockets (4.2.1) lib/sprockets/loader.rb:59:in `block in load'
sprockets (4.2.1) lib/sprockets/loader.rb:339:in `fetch_asset_from_dependency_cache'
sprockets (4.2.1) lib/sprockets/loader.rb:43:in `load'
sprockets (4.2.1) lib/sprockets/cached_environment.rb:44:in `block in load'
concurrent-ruby (1.2.3) lib/concurrent-ruby/concurrent/map.rb:207:in `block in fetch_or_store'
concurrent-ruby (1.2.3) lib/concurrent-ruby/concurrent/map.rb:187:in `fetch'
concurrent-ruby (1.2.3) lib/concurrent-ruby/concurrent/map.rb:206:in `fetch_or_store'
sprockets (4.2.1) lib/sprockets/cached_environment.rb:44:in `load'
sprockets (4.2.1) lib/sprockets/base.rb:81:in `find_asset'
sprockets (4.2.1) lib/sprockets/base.rb:88:in `find_all_linked_assets'
sprockets (4.2.1) lib/sprockets/manifest.rb:125:in `each'
sprockets (4.2.1) lib/sprockets/manifest.rb:125:in `to_a'
sprockets (4.2.1) lib/sprockets/manifest.rb:125:in `block (2 levels) in find'
concurrent-ruby (1.2.3) lib/concurrent-ruby/concurrent/executor/safe_task_executor.rb:24:in `block in execute'
concurrent-ruby (1.2.3) lib/concurrent-ruby/concurrent/synchronization/mutex_lockable_object.rb:48:in `block in synchronize'
concurrent-ruby (1.2.3) lib/concurrent-ruby/concurrent/synchronization/mutex_lockable_object.rb:48:in `synchronize'
concurrent-ruby (1.2.3) lib/concurrent-ruby/concurrent/synchronization/mutex_lockable_object.rb:48:in `synchronize'
concurrent-ruby (1.2.3) lib/concurrent-ruby/concurrent/executor/safe_task_executor.rb:22:in `execute'
concurrent-ruby (1.2.3) lib/concurrent-ruby/concurrent/promise.rb:564:in `block in realize'
concurrent-ruby (1.2.3) lib/concurrent-ruby/concurrent/executor/ruby_thread_pool_executor.rb:359:in `run_task'
concurrent-ruby (1.2.3) lib/concurrent-ruby/concurrent/executor/ruby_thread_pool_executor.rb:350:in `block (3 levels) in create_worker'
concurrent-ruby (1.2.3) lib/concurrent-ruby/concurrent/executor/ruby_thread_pool_executor.rb:341:in `loop'
concurrent-ruby (1.2.3) lib/concurrent-ruby/concurrent/executor/ruby_thread_pool_executor.rb:341:in `block (2 levels) in create_worker'
concurrent-ruby (1.2.3) lib/concurrent-ruby/concurrent/executor/ruby_thread_pool_executor.rb:340:in `catch'
concurrent-ruby (1.2.3) lib/concurrent-ruby/concurrent/executor/ruby_thread_pool_executor.rb:340:in `block in create_worker'
DEPRECATION WARNING: `Rails.application.secrets` is deprecated in favor of `Rails.application.credentials` and will be removed in Rails 7.2. (called from <main> at C:/Users/User/Documents/GitHub/Errortracker/config/environment.rb:5)
Started GET "/" for ::1 at 2024-04-23 22:27:48 -0400
  [1m[36mActiveRecord::SchemaMigration Load (0.1ms)[0m  [1m[34mSELECT "schema_migrations"."version" FROM "schema_migrations" ORDER BY "schema_migrations"."version" ASC[0m
Processing by HomeController#index as HTML
  Rendering layout layouts/application.html.erb
  Rendering home/index.html.erb within layouts/application
  Rendered home/index.html.erb within layouts/application (Duration: 0.7ms | Allocations: 184)
  Rendered home/_header.html.erb (Duration: 3.1ms | Allocations: 793)
  Rendered layout layouts/application.html.erb (Duration: 246.8ms | Allocations: 41771)
Completed 200 OK in 301ms (Views: 264.8ms | ActiveRecord: 0.0ms | Allocations: 46785)


Started GET "/users/sign_up" for ::1 at 2024-04-23 22:27:59 -0400
Processing by Devise::RegistrationsController#new as HTML
  Rendering layout layouts/application.html.erb
  Rendering devise/registrations/new.html.erb within layouts/application
  Rendered devise/shared/_error_messages.html.erb (Duration: 0.7ms | Allocations: 233)
  Rendered devise/shared/_links.html.erb (Duration: 1.5ms | Allocations: 527)
  Rendered devise/registrations/new.html.erb within layouts/application (Duration: 46.9ms | Allocations: 4518)
  Rendered home/_header.html.erb (Duration: 0.3ms | Allocations: 151)
  Rendered layout layouts/application.html.erb (Duration: 51.9ms | Allocations: 5954)
Completed 200 OK in 156ms (Views: 67.1ms | ActiveRecord: 4.1ms | Allocations: 22892)


Started GET "/users/sign_in" for ::1 at 2024-04-23 22:28:11 -0400
Processing by Devise::SessionsController#new as HTML
  Rendering layout layouts/application.html.erb
  Rendering devise/sessions/new.html.erb within layouts/application
  Rendered devise/shared/_links.html.erb (Duration: 0.2ms | Allocations: 134)
  Rendered devise/sessions/new.html.erb within layouts/application (Duration: 15.5ms | Allocations: 1887)
  Rendered home/_header.html.erb (Duration: 0.2ms | Allocations: 130)
  Rendered layout layouts/application.html.erb (Duration: 21.2ms | Allocations: 3227)
Completed 200 OK in 40ms (Views: 29.5ms | ActiveRecord: 0.0ms | Allocations: 4796)


Started GET "/" for ::1 at 2024-04-23 22:28:12 -0400
Processing by HomeController#index as HTML
  Rendering layout layouts/application.html.erb
  Rendering home/index.html.erb within layouts/application
  Rendered home/index.html.erb within layouts/application (Duration: 0.0ms | Allocations: 7)
  Rendered home/_header.html.erb (Duration: 0.3ms | Allocations: 167)
  Rendered layout layouts/application.html.erb (Duration: 4.9ms | Allocations: 1625)
Completed 200 OK in 9ms (Views: 5.5ms | ActiveRecord: 0.0ms | Allocations: 1899)


Started GET "/home/help" for ::1 at 2024-04-23 22:43:39 -0400
Processing by HomeController#help as HTML
  Rendering layout layouts/application.html.erb
  Rendering home/help.html.erb within layouts/application
  Rendered home/help.html.erb within layouts/application (Duration: 0.6ms | Allocations: 90)
  Rendered home/_header.html.erb (Duration: 0.3ms | Allocations: 167)
  Rendered layout layouts/application.html.erb (Duration: 6.1ms | Allocations: 1710)
Completed 200 OK in 13ms (Views: 7.0ms | ActiveRecord: 0.0ms | Allocations: 2042)


Started GET "/" for ::1 at 2024-04-23 22:43:41 -0400
Processing by HomeController#index as HTML
  Rendering layout layouts/application.html.erb
  Rendering home/index.html.erb within layouts/application
  Rendered home/index.html.erb within layouts/application (Duration: 0.0ms | Allocations: 7)
  Rendered home/_header.html.erb (Duration: 0.3ms | Allocations: 167)
  Rendered layout layouts/application.html.erb (Duration: 5.1ms | Allocations: 1624)
Completed 200 OK in 10ms (Views: 5.8ms | ActiveRecord: 0.0ms | Allocations: 1894)


Started GET "/users/sign_in" for ::1 at 2024-04-23 22:43:44 -0400
Processing by Devise::SessionsController#new as HTML
  Rendering layout layouts/application.html.erb
  Rendering devise/sessions/new.html.erb within layouts/application
  Rendered devise/shared/_links.html.erb (Duration: 0.1ms | Allocations: 115)
  Rendered devise/sessions/new.html.erb within layouts/application (Duration: 1.3ms | Allocations: 879)
  Rendered home/_header.html.erb (Duration: 0.2ms | Allocations: 127)
  Rendered layout layouts/application.html.erb (Duration: 6.2ms | Allocations: 2211)
Completed 200 OK in 11ms (Views: 6.9ms | ActiveRecord: 0.0ms | Allocations: 2900)


Started GET "/home/help" for ::1 at 2024-04-23 22:43:44 -0400
Processing by HomeController#help as HTML
  Rendering layout layouts/application.html.erb
  Rendering home/help.html.erb within layouts/application
  Rendered home/help.html.erb within layouts/application (Duration: 0.0ms | Allocations: 7)
  Rendered home/_header.html.erb (Duration: 0.3ms | Allocations: 167)
  Rendered layout layouts/application.html.erb (Duration: 4.8ms | Allocations: 1636)
Completed 200 OK in 9ms (Views: 5.4ms | ActiveRecord: 0.0ms | Allocations: 1906)


Started GET "/" for ::1 at 2024-04-23 22:43:45 -0400
Processing by HomeController#index as HTML
  Rendering layout layouts/application.html.erb
  Rendering home/index.html.erb within layouts/application
  Rendered home/index.html.erb within layouts/application (Duration: 0.0ms | Allocations: 7)
  Rendered home/_header.html.erb (Duration: 0.3ms | Allocations: 167)
  Rendered layout layouts/application.html.erb (Duration: 4.9ms | Allocations: 1630)
Completed 200 OK in 9ms (Views: 5.5ms | ActiveRecord: 0.0ms | Allocations: 1900)


Started GET "/users/sign_up" for ::1 at 2024-04-23 22:47:24 -0400
Processing by Devise::RegistrationsController#new as HTML
  Rendering layout layouts/application.html.erb
  Rendering devise/registrations/new.html.erb within layouts/application
  Rendered devise/shared/_error_messages.html.erb (Duration: 0.0ms | Allocations: 13)
  Rendered devise/shared/_links.html.erb (Duration: 0.1ms | Allocations: 70)
  Rendered devise/registrations/new.html.erb within layouts/application (Duration: 1.6ms | Allocations: 904)
  Rendered home/_header.html.erb (Duration: 0.2ms | Allocations: 127)
  Rendered layout layouts/application.html.erb (Duration: 6.6ms | Allocations: 2240)
Completed 200 OK in 12ms (Views: 7.2ms | ActiveRecord: 0.0ms | Allocations: 2866)


Started GET "/users/sign_in" for ::1 at 2024-04-23 22:47:28 -0400
Processing by Devise::SessionsController#new as HTML
  Rendering layout layouts/application.html.erb
  Rendering devise/sessions/new.html.erb within layouts/application
  Rendered devise/shared/_links.html.erb (Duration: 0.1ms | Allocations: 115)
  Rendered devise/sessions/new.html.erb within layouts/application (Duration: 1.3ms | Allocations: 879)
  Rendered home/_header.html.erb (Duration: 0.3ms | Allocations: 127)
  Rendered layout layouts/application.html.erb (Duration: 6.1ms | Allocations: 2211)
Completed 200 OK in 11ms (Views: 7.1ms | ActiveRecord: 0.0ms | Allocations: 2883)


Started GET "/" for ::1 at 2024-04-23 22:47:35 -0400
Processing by HomeController#index as HTML
  Rendering layout layouts/application.html.erb
  Rendering home/index.html.erb within layouts/application
  Rendered home/index.html.erb within layouts/application (Duration: 0.0ms | Allocations: 7)
  Rendered home/_header.html.erb (Duration: 0.3ms | Allocations: 167)
  Rendered layout layouts/application.html.erb (Duration: 5.3ms | Allocations: 1618)
Completed 200 OK in 10ms (Views: 5.9ms | ActiveRecord: 0.0ms | Allocations: 1888)


Started GET "/" for ::1 at 2024-04-23 22:58:03 -0400
Processing by HomeController#index as HTML
  Rendering layout layouts/application.html.erb
  Rendering home/index.html.erb within layouts/application
  Rendered home/index.html.erb within layouts/application (Duration: 0.6ms | Allocations: 98)
  Rendered home/_header.html.erb (Duration: 1.3ms | Allocations: 621)
  Rendered layout layouts/application.html.erb (Duration: 72.1ms | Allocations: 16108)
Completed 200 OK in 89ms (Views: 82.4ms | ActiveRecord: 0.0ms | Allocations: 17044)


Started GET "/" for ::1 at 2024-04-23 23:02:06 -0400
Processing by HomeController#index as HTML
  Rendering layout layouts/application.html.erb
  Rendering home/index.html.erb within layouts/application
  Rendered home/index.html.erb within layouts/application (Duration: 0.6ms | Allocations: 96)
  Rendered home/_header.html.erb (Duration: 1.4ms | Allocations: 621)
  Rendered layout layouts/application.html.erb (Duration: 46.6ms | Allocations: 15958)
Completed 200 OK in 68ms (Views: 56.9ms | ActiveRecord: 0.0ms | Allocations: 16890)


Started GET "/" for ::1 at 2024-04-23 23:03:12 -0400
Processing by HomeController#index as HTML
  Rendering layout layouts/application.html.erb
  Rendering home/index.html.erb within layouts/application
  Rendered home/index.html.erb within layouts/application (Duration: 0.7ms | Allocations: 96)
  Rendered home/_header.html.erb (Duration: 1.3ms | Allocations: 619)
  Rendered layout layouts/application.html.erb (Duration: 37.4ms | Allocations: 15987)
Completed 200 OK in 59ms (Views: 47.3ms | ActiveRecord: 0.0ms | Allocations: 16923)


Started GET "/" for ::1 at 2024-04-23 23:03:14 -0400
Processing by HomeController#index as HTML
  Rendering layout layouts/application.html.erb
  Rendering home/index.html.erb within layouts/application
  Rendered home/index.html.erb within layouts/application (Duration: 0.0ms | Allocations: 7)
  Rendered home/_header.html.erb (Duration: 0.3ms | Allocations: 167)
  Rendered layout layouts/application.html.erb (Duration: 5.5ms | Allocations: 1606)
Completed 200 OK in 10ms (Views: 6.2ms | ActiveRecord: 0.0ms | Allocations: 1874)


Started GET "/" for ::1 at 2024-04-23 23:04:23 -0400
Processing by HomeController#index as HTML
  Rendering layout layouts/application.html.erb
  Rendering home/index.html.erb within layouts/application
  Rendered home/index.html.erb within layouts/application (Duration: 0.7ms | Allocations: 101)
  Rendered home/_header.html.erb (Duration: 1.5ms | Allocations: 619)
  Rendered layout layouts/application.html.erb (Duration: 42.1ms | Allocations: 16107)
Completed 200 OK in 63ms (Views: 53.0ms | ActiveRecord: 0.0ms | Allocations: 17043)


Started GET "/" for ::1 at 2024-04-23 23:08:44 -0400
Processing by HomeController#index as HTML
  Rendering layout layouts/application.html.erb
  Rendering home/index.html.erb within layouts/application
  Rendered home/index.html.erb within layouts/application (Duration: 0.9ms | Allocations: 98)
  Rendered home/_header.html.erb (Duration: 1.2ms | Allocations: 619)
  Rendered layout layouts/application.html.erb (Duration: 37.6ms | Allocations: 15944)
Completed 200 OK in 59ms (Views: 47.5ms | ActiveRecord: 0.0ms | Allocations: 16876)


Started GET "/" for ::1 at 2024-04-23 23:17:56 -0400
Processing by HomeController#index as HTML
  Rendering layout layouts/application.html.erb
  Rendering home/index.html.erb within layouts/application
  Rendered home/index.html.erb within layouts/application (Duration: 0.6ms | Allocations: 105)
  Rendered home/_header.html.erb (Duration: 1.3ms | Allocations: 619)
  Rendered layout layouts/application.html.erb (Duration: 37.9ms | Allocations: 16113)
Completed 200 OK in 58ms (Views: 48.1ms | ActiveRecord: 0.0ms | Allocations: 17049)


Started GET "/" for ::1 at 2024-04-23 23:24:22 -0400
Processing by HomeController#index as HTML
  Rendering layout layouts/application.html.erb
  Rendering home/index.html.erb within layouts/application
  Rendered home/index.html.erb within layouts/application (Duration: 0.5ms | Allocations: 103)
  Rendered home/_header.html.erb (Duration: 1.2ms | Allocations: 621)
  Rendered layout layouts/application.html.erb (Duration: 43.3ms | Allocations: 16120)
Completed 200 OK in 64ms (Views: 52.9ms | ActiveRecord: 0.0ms | Allocations: 17052)


Started GET "/" for ::1 at 2024-04-23 23:26:50 -0400
Processing by HomeController#index as HTML
  Rendering layout layouts/application.html.erb
  Rendering home/index.html.erb within layouts/application
  Rendered home/index.html.erb within layouts/application (Duration: 0.6ms | Allocations: 103)
  Rendered home/_header.html.erb (Duration: 1.2ms | Allocations: 619)
  Rendered layout layouts/application.html.erb (Duration: 42.3ms | Allocations: 16017)
Completed 200 OK in 65ms (Views: 53.4ms | ActiveRecord: 0.0ms | Allocations: 16952)


Started GET "/" for ::1 at 2024-04-23 23:36:56 -0400
Processing by HomeController#index as HTML
  Rendering layout layouts/application.html.erb
  Rendering home/index.html.erb within layouts/application
  Rendered home/index.html.erb within layouts/application (Duration: 0.8ms | Allocations: 111)
  Rendered home/_header.html.erb (Duration: 1.3ms | Allocations: 619)
  Rendered layout layouts/application.html.erb (Duration: 40.1ms | Allocations: 16105)
Completed 200 OK in 62ms (Views: 50.5ms | ActiveRecord: 0.0ms | Allocations: 17042)


Started GET "/" for ::1 at 2024-04-23 23:52:17 -0400
Processing by HomeController#index as HTML
  Rendering layout layouts/application.html.erb
  Rendering home/index.html.erb within layouts/application
  Rendered home/index.html.erb within layouts/application (Duration: 0.6ms | Allocations: 107)
  Rendered home/_header.html.erb (Duration: 1.2ms | Allocations: 619)
  Rendered layout layouts/application.html.erb (Duration: 38.3ms | Allocations: 16110)
Completed 200 OK in 60ms (Views: 48.1ms | ActiveRecord: 0.0ms | Allocations: 17046)


Started GET "/" for ::1 at 2024-04-23 23:54:22 -0400
Processing by HomeController#index as HTML
  Rendering layout layouts/application.html.erb
  Rendering home/index.html.erb within layouts/application
  Rendered home/index.html.erb within layouts/application (Duration: 0.6ms | Allocations: 107)
  Rendered home/_header.html.erb (Duration: 1.2ms | Allocations: 621)
  Rendered layout layouts/application.html.erb (Duration: 40.9ms | Allocations: 16019)
Completed 200 OK in 61ms (Views: 50.6ms | ActiveRecord: 0.0ms | Allocations: 16951)


Started GET "/" for ::1 at 2024-04-23 23:57:18 -0400
Processing by HomeController#index as HTML
  Rendering layout layouts/application.html.erb
  Rendering home/index.html.erb within layouts/application
  Rendered home/index.html.erb within layouts/application (Duration: 1.4ms | Allocations: 450)
  Rendered home/_header.html.erb (Duration: 1.3ms | Allocations: 553)
  Rendered layout layouts/application.html.erb (Duration: 41.2ms | Allocations: 16010)
Completed 200 OK in 63ms (Views: 51.8ms | ActiveRecord: 0.0ms | Allocations: 16945)


Started GET "/" for ::1 at 2024-04-23 23:57:21 -0400
Processing by HomeController#index as HTML
  Rendering layout layouts/application.html.erb
  Rendering home/index.html.erb within layouts/application
  Rendered home/index.html.erb within layouts/application (Duration: 0.4ms | Allocations: 288)
  Rendered home/_header.html.erb (Duration: 0.2ms | Allocations: 122)
  Rendered layout layouts/application.html.erb (Duration: 8.8ms | Allocations: 1621)
Completed 200 OK in 14ms (Views: 9.7ms | ActiveRecord: 0.0ms | Allocations: 1889)


Started GET "/" for ::1 at 2024-04-23 23:57:38 -0400
Processing by HomeController#index as HTML
  Rendering layout layouts/application.html.erb
  Rendering home/index.html.erb within layouts/application
  Rendered home/index.html.erb within layouts/application (Duration: 0.9ms | Allocations: 110)
  Rendered home/_header.html.erb (Duration: 4.1ms | Allocations: 619)
  Rendered layout layouts/application.html.erb (Duration: 125.7ms | Allocations: 16091)
Completed 200 OK in 151ms (Views: 139.9ms | ActiveRecord: 0.0ms | Allocations: 17026)


Started GET "/users/sign_in" for ::1 at 2024-04-23 23:57:47 -0400
Processing by Devise::SessionsController#new as HTML
  Rendering layout layouts/application.html.erb
  Rendering devise/sessions/new.html.erb within layouts/application
  Rendered devise/shared/_links.html.erb (Duration: 1.2ms | Allocations: 556)
  Rendered devise/sessions/new.html.erb within layouts/application (Duration: 6.4ms | Allocations: 1832)
  Rendered home/_header.html.erb (Duration: 0.2ms | Allocations: 151)
  Rendered layout layouts/application.html.erb (Duration: 11.4ms | Allocations: 3263)
Completed 200 OK in 37ms (Views: 27.5ms | ActiveRecord: 0.0ms | Allocations: 7732)


Started GET "/users/sign_up" for ::1 at 2024-04-23 23:57:48 -0400
Processing by Devise::RegistrationsController#new as HTML
  Rendering layout layouts/application.html.erb
  Rendering devise/registrations/new.html.erb within layouts/application
  Rendered devise/shared/_error_messages.html.erb (Duration: 0.8ms | Allocations: 217)
  Rendered devise/shared/_links.html.erb (Duration: 0.1ms | Allocations: 82)
  Rendered devise/registrations/new.html.erb within layouts/application (Duration: 5.3ms | Allocations: 1591)
  Rendered home/_header.html.erb (Duration: 0.3ms | Allocations: 130)
  Rendered layout layouts/application.html.erb (Duration: 10.5ms | Allocations: 2933)
Completed 200 OK in 23ms (Views: 18.8ms | ActiveRecord: 0.0ms | Allocations: 3885)


Started POST "/users" for ::1 at 2024-04-23 23:58:30 -0400
Processing by Devise::RegistrationsController#create as TURBO_STREAM
  Parameters: {"authenticity_token"=>"[FILTERED]", "user"=>{"email"=>"jcclarke@umich.edu", "password"=>"[FILTERED]", "password_confirmation"=>"[FILTERED]"}, "commit"=>"Sign up"}
  [1m[36mTRANSACTION (0.0ms)[0m  [1m[36mbegin transaction[0m
  [1m[36mUser Exists? (3.8ms)[0m  [1m[34mSELECT 1 AS one FROM "users" WHERE "users"."email" = ? LIMIT ?[0m  [["email", "jcclarke@umich.edu"], ["LIMIT", 1]]
  [1m[36mUser Create (0.3ms)[0m  [1m[32mINSERT INTO "users" ("email", "encrypted_password", "reset_password_token", "reset_password_sent_at", "remember_created_at", "created_at", "updated_at") VALUES (?, ?, ?, ?, ?, ?, ?) RETURNING "id"[0m  [["email", "jcclarke@umich.edu"], ["encrypted_password", "[FILTERED]"], ["reset_password_token", "[FILTERED]"], ["reset_password_sent_at", "[FILTERED]"], ["remember_created_at", nil], ["created_at", "2024-04-24 03:58:31.489269"], ["updated_at", "2024-04-24 03:58:31.489269"]]
  [1m[36mTRANSACTION (1.8ms)[0m  [1m[36mcommit transaction[0m
Redirected to http://localhost:3000/
Completed 303 See Other in 429ms (ActiveRecord: 7.4ms | Allocations: 15161)


Started GET "/" for ::1 at 2024-04-23 23:58:31 -0400
Processing by HomeController#index as TURBO_STREAM
  Rendering layout layouts/application.html.erb
  Rendering home/index.html.erb within layouts/application
  Rendered home/index.html.erb within layouts/application (Duration: 0.0ms | Allocations: 7)
  [1m[36mUser Load (0.2ms)[0m  [1m[34mSELECT "users".* FROM "users" WHERE "users"."id" = ? ORDER BY "users"."id" ASC LIMIT ?[0m  [["id", 1], ["LIMIT", 1]]
  ↳ app/views/home/_header.html.erb:9
  Rendered home/_header.html.erb (Duration: 3.1ms | Allocations: 1125)
  Rendered layouts/_alerts.html.erb (Duration: 0.6ms | Allocations: 127)
  Rendered layout layouts/application.html.erb (Duration: 10.9ms | Allocations: 2921)
Completed 200 OK in 15ms (Views: 11.4ms | ActiveRecord: 0.1ms | Allocations: 3232)


Started GET "/errors" for ::1 at 2024-04-23 23:58:40 -0400
Processing by ErrorsController#index as HTML
  Rendering layout layouts/application.html.erb
  Rendering errors/index.html.erb within layouts/application
  [1m[36mError Load (0.1ms)[0m  [1m[34mSELECT "errors".* FROM "errors"[0m
  ↳ app/views/errors/index.html.erb:17
  Rendered errors/index.html.erb within layouts/application (Duration: 2.1ms | Allocations: 798)
  [1m[36mUser Load (0.1ms)[0m  [1m[34mSELECT "users".* FROM "users" WHERE "users"."id" = ? ORDER BY "users"."id" ASC LIMIT ?[0m  [["id", 1], ["LIMIT", 1]]
  ↳ app/views/home/_header.html.erb:9
  Rendered home/_header.html.erb (Duration: 2.0ms | Allocations: 729)
  Rendered layout layouts/application.html.erb (Duration: 9.5ms | Allocations: 2995)
Completed 200 OK in 57ms (Views: 16.8ms | ActiveRecord: 0.2ms | Allocations: 5256)


Started GET "/errors" for ::1 at 2024-04-23 23:58:41 -0400
Processing by ErrorsController#index as HTML
  Rendering layout layouts/application.html.erb
  Rendering errors/index.html.erb within layouts/application
  [1m[36mError Load (0.1ms)[0m  [1m[34mSELECT "errors".* FROM "errors"[0m
  ↳ app/views/errors/index.html.erb:17
  Rendered errors/index.html.erb within layouts/application (Duration: 1.0ms | Allocations: 400)
  [1m[36mUser Load (0.1ms)[0m  [1m[34mSELECT "users".* FROM "users" WHERE "users"."id" = ? ORDER BY "users"."id" ASC LIMIT ?[0m  [["id", 1], ["LIMIT", 1]]
  ↳ app/views/home/_header.html.erb:9
  Rendered home/_header.html.erb (Duration: 2.2ms | Allocations: 725)
  Rendered layout layouts/application.html.erb (Duration: 8.0ms | Allocations: 2588)
Completed 200 OK in 12ms (Views: 8.5ms | ActiveRecord: 0.1ms | Allocations: 2872)


Started GET "/" for ::1 at 2024-04-23 23:58:42 -0400
Processing by HomeController#index as HTML
  Rendering layout layouts/application.html.erb
  Rendering home/index.html.erb within layouts/application
  Rendered home/index.html.erb within layouts/application (Duration: 0.0ms | Allocations: 7)
  [1m[36mUser Load (0.1ms)[0m  [1m[34mSELECT "users".* FROM "users" WHERE "users"."id" = ? ORDER BY "users"."id" ASC LIMIT ?[0m  [["id", 1], ["LIMIT", 1]]
  ↳ app/views/home/_header.html.erb:9
  Rendered home/_header.html.erb (Duration: 1.8ms | Allocations: 739)
  Rendered layout layouts/application.html.erb (Duration: 6.4ms | Allocations: 2194)
Completed 200 OK in 11ms (Views: 6.9ms | ActiveRecord: 0.1ms | Allocations: 2464)


Started GET "/errors/new" for ::1 at 2024-04-23 23:58:43 -0400
Processing by ErrorsController#new as HTML
  Rendering layout layouts/application.html.erb
  Rendering errors/new.html.erb within layouts/application
  [1m[36mUser Load (0.1ms)[0m  [1m[34mSELECT "users".* FROM "users" WHERE "users"."id" = ? ORDER BY "users"."id" ASC LIMIT ?[0m  [["id", 1], ["LIMIT", 1]]
  ↳ app/views/errors/_form.html.erb:46
Started GET "/errors" for ::1 at 2024-04-23 23:58:43 -0400
  Rendered errors/_form.html.erb (Duration: 63.4ms | Allocations: 3511)
  Rendered errors/new.html.erb within layouts/application (Duration: 66.9ms | Allocations: 3811)
  Rendered home/_header.html.erb (Duration: 0.3ms | Allocations: 132)
  Rendered layout layouts/application.html.erb (Duration: 73.3ms | Allocations: 5190)
Completed 200 OK in 108ms (Views: 73.9ms | ActiveRecord: 0.4ms | Allocations: 15888)


Processing by ErrorsController#index as HTML
  Rendering layout layouts/application.html.erb
  Rendering errors/index.html.erb within layouts/application
  [1m[36mError Load (0.1ms)[0m  [1m[34mSELECT "errors".* FROM "errors"[0m
  ↳ app/views/errors/index.html.erb:17
  Rendered errors/index.html.erb within layouts/application (Duration: 1.0ms | Allocations: 401)
  [1m[36mUser Load (0.1ms)[0m  [1m[34mSELECT "users".* FROM "users" WHERE "users"."id" = ? ORDER BY "users"."id" ASC LIMIT ?[0m  [["id", 1], ["LIMIT", 1]]
  ↳ app/views/home/_header.html.erb:9
  Rendered home/_header.html.erb (Duration: 1.5ms | Allocations: 725)
  Rendered layout layouts/application.html.erb (Duration: 7.4ms | Allocations: 2583)
Completed 200 OK in 12ms (Views: 7.8ms | ActiveRecord: 0.1ms | Allocations: 2867)


Started GET "/errors/new" for ::1 at 2024-04-23 23:58:44 -0400
Processing by ErrorsController#new as HTML
  Rendering layout layouts/application.html.erb
  Rendering errors/new.html.erb within layouts/application
  [1m[36mUser Load (0.1ms)[0m  [1m[34mSELECT "users".* FROM "users" WHERE "users"."id" = ? ORDER BY "users"."id" ASC LIMIT ?[0m  [["id", 1], ["LIMIT", 1]]
  ↳ app/views/errors/_form.html.erb:46
  Rendered errors/_form.html.erb (Duration: 2.5ms | Allocations: 1370)
  Rendered errors/new.html.erb within layouts/application (Duration: 2.7ms | Allocations: 1453)
  Rendered home/_header.html.erb (Duration: 0.2ms | Allocations: 132)
  Rendered layout layouts/application.html.erb (Duration: 7.3ms | Allocations: 2794)
Completed 200 OK in 12ms (Views: 7.8ms | ActiveRecord: 0.1ms | Allocations: 3085)


Started GET "/users/edit" for ::1 at 2024-04-23 23:58:48 -0400
Processing by Devise::RegistrationsController#edit as HTML
  [1m[36mUser Load (0.1ms)[0m  [1m[34mSELECT "users".* FROM "users" WHERE "users"."id" = ? ORDER BY "users"."id" ASC LIMIT ?[0m  [["id", 1], ["LIMIT", 1]]
  Rendering layout layouts/application.html.erb
  Rendering devise/registrations/edit.html.erb within layouts/application
  Rendered devise/shared/_error_messages.html.erb (Duration: 0.1ms | Allocations: 13)
  Rendered devise/registrations/edit.html.erb within layouts/application (Duration: 2.8ms | Allocations: 1717)
  Rendered home/_header.html.erb (Duration: 0.2ms | Allocations: 146)
  Rendered layout layouts/application.html.erb (Duration: 7.3ms | Allocations: 3072)
Completed 200 OK in 16ms (Views: 9.8ms | ActiveRecord: 0.1ms | Allocations: 4776)


Started GET "/home/help" for ::1 at 2024-04-23 23:58:56 -0400
Processing by HomeController#help as HTML
  Rendering layout layouts/application.html.erb
  Rendering home/help.html.erb within layouts/application
  Rendered home/help.html.erb within layouts/application (Duration: 0.6ms | Allocations: 88)
  [1m[36mUser Load (0.1ms)[0m  [1m[34mSELECT "users".* FROM "users" WHERE "users"."id" = ? ORDER BY "users"."id" ASC LIMIT ?[0m  [["id", 1], ["LIMIT", 1]]
  ↳ app/views/home/_header.html.erb:9
  Rendered home/_header.html.erb (Duration: 7.5ms | Allocations: 739)
  Rendered layout layouts/application.html.erb (Duration: 13.2ms | Allocations: 2294)
Completed 200 OK in 19ms (Views: 13.8ms | ActiveRecord: 0.1ms | Allocations: 2623)


Started GET "/users/edit" for ::1 at 2024-04-23 23:58:57 -0400
Processing by Devise::RegistrationsController#edit as HTML
  [1m[36mUser Load (0.1ms)[0m  [1m[34mSELECT "users".* FROM "users" WHERE "users"."id" = ? ORDER BY "users"."id" ASC LIMIT ?[0m  [["id", 1], ["LIMIT", 1]]
  Rendering layout layouts/application.html.erb
  Rendering devise/registrations/edit.html.erb within layouts/application
  Rendered devise/shared/_error_messages.html.erb (Duration: 0.0ms | Allocations: 13)
  Rendered devise/registrations/edit.html.erb within layouts/application (Duration: 1.7ms | Allocations: 1136)
  Rendered home/_header.html.erb (Duration: 0.2ms | Allocations: 132)
  Rendered layout layouts/application.html.erb (Duration: 7.0ms | Allocations: 2484)
Completed 200 OK in 14ms (Views: 7.7ms | ActiveRecord: 0.1ms | Allocations: 4125)


Started GET "/" for ::1 at 2024-04-23 23:58:59 -0400
Processing by HomeController#index as HTML
  Rendering layout layouts/application.html.erb
  Rendering home/index.html.erb within layouts/application
  Rendered home/index.html.erb within layouts/application (Duration: 0.0ms | Allocations: 7)
  [1m[36mUser Load (0.1ms)[0m  [1m[34mSELECT "users".* FROM "users" WHERE "users"."id" = ? ORDER BY "users"."id" ASC LIMIT ?[0m  [["id", 1], ["LIMIT", 1]]
  ↳ app/views/home/_header.html.erb:9
  Rendered home/_header.html.erb (Duration: 1.6ms | Allocations: 739)
  Rendered layout layouts/application.html.erb (Duration: 6.7ms | Allocations: 2196)
Completed 200 OK in 11ms (Views: 7.3ms | ActiveRecord: 0.1ms | Allocations: 2466)


Started GET "/errors" for ::1 at 2024-04-23 23:59:04 -0400
Processing by ErrorsController#index as HTML
  Rendering layout layouts/application.html.erb
  Rendering errors/index.html.erb within layouts/application
  [1m[36mError Load (0.1ms)[0m  [1m[34mSELECT "errors".* FROM "errors"[0m
  ↳ app/views/errors/index.html.erb:17
  Rendered errors/index.html.erb within layouts/application (Duration: 1.1ms | Allocations: 400)
  [1m[36mUser Load (0.1ms)[0m  [1m[34mSELECT "users".* FROM "users" WHERE "users"."id" = ? ORDER BY "users"."id" ASC LIMIT ?[0m  [["id", 1], ["LIMIT", 1]]
  ↳ app/views/home/_header.html.erb:9
  Rendered home/_header.html.erb (Duration: 2.6ms | Allocations: 725)
  Rendered layout layouts/application.html.erb (Duration: 9.0ms | Allocations: 2589)
Completed 200 OK in 14ms (Views: 9.7ms | ActiveRecord: 0.1ms | Allocations: 2873)


Started GET "/errors/new" for ::1 at 2024-04-23 23:59:38 -0400
Processing by ErrorsController#new as HTML
  Rendering layout layouts/application.html.erb
  Rendering errors/new.html.erb within layouts/application
  [1m[36mUser Load (0.1ms)[0m  [1m[34mSELECT "users".* FROM "users" WHERE "users"."id" = ? ORDER BY "users"."id" ASC LIMIT ?[0m  [["id", 1], ["LIMIT", 1]]
  ↳ app/views/errors/_form.html.erb:46
  Rendered errors/_form.html.erb (Duration: 2.7ms | Allocations: 1361)
  Rendered errors/new.html.erb within layouts/application (Duration: 3.0ms | Allocations: 1444)
  Rendered home/_header.html.erb (Duration: 0.2ms | Allocations: 132)
  Rendered layout layouts/application.html.erb (Duration: 8.1ms | Allocations: 2785)
Completed 200 OK in 13ms (Views: 8.6ms | ActiveRecord: 0.1ms | Allocations: 3076)


Started GET "/errors/new" for ::1 at 2024-04-24 00:02:01 -0400
Processing by ErrorsController#new as HTML
  Rendering layout layouts/application.html.erb
  Rendering errors/new.html.erb within layouts/application
  [1m[36mUser Load (0.1ms)[0m  [1m[34mSELECT "users".* FROM "users" WHERE "users"."id" = ? ORDER BY "users"."id" ASC LIMIT ?[0m  [["id", 1], ["LIMIT", 1]]
  ↳ app/views/errors/_form.html.erb:46
  Rendered errors/_form.html.erb (Duration: 8.1ms | Allocations: 5743)
  Rendered errors/new.html.erb within layouts/application (Duration: 10.9ms | Allocations: 6049)
  Rendered home/_header.html.erb (Duration: 1.0ms | Allocations: 553)
  Rendered layout layouts/application.html.erb (Duration: 48.2ms | Allocations: 21712)
Completed 200 OK in 76ms (Views: 57.9ms | ActiveRecord: 5.0ms | Allocations: 27826)


Started GET "/errors" for ::1 at 2024-04-24 00:02:03 -0400
Processing by ErrorsController#index as HTML
  Rendering layout layouts/application.html.erb
  Rendering errors/index.html.erb within layouts/application
  [1m[36mError Load (4.4ms)[0m  [1m[34mSELECT "errors".* FROM "errors"[0m
  ↳ app/views/errors/index.html.erb:17
  Rendered errors/index.html.erb within layouts/application (Duration: 6.7ms | Allocations: 759)
  [1m[36mUser Load (0.1ms)[0m  [1m[34mSELECT "users".* FROM "users" WHERE "users"."id" = ? ORDER BY "users"."id" ASC LIMIT ?[0m  [["id", 1], ["LIMIT", 1]]
  ↳ app/views/home/_header.html.erb:9
  Rendered home/_header.html.erb (Duration: 1.9ms | Allocations: 725)
  Rendered layout layouts/application.html.erb (Duration: 14.0ms | Allocations: 2950)
Completed 200 OK in 21ms (Views: 10.5ms | ActiveRecord: 4.5ms | Allocations: 3359)


Started GET "/errors" for ::1 at 2024-04-24 00:02:06 -0400
Processing by ErrorsController#index as HTML
  Rendering layout layouts/application.html.erb
  Rendering errors/index.html.erb within layouts/application
  [1m[36mError Load (0.1ms)[0m  [1m[34mSELECT "errors".* FROM "errors"[0m
  ↳ app/views/errors/index.html.erb:17
  Rendered errors/index.html.erb within layouts/application (Duration: 1.0ms | Allocations: 400)
  [1m[36mUser Load (0.1ms)[0m  [1m[34mSELECT "users".* FROM "users" WHERE "users"."id" = ? ORDER BY "users"."id" ASC LIMIT ?[0m  [["id", 1], ["LIMIT", 1]]
  ↳ app/views/home/_header.html.erb:9
  Rendered home/_header.html.erb (Duration: 1.6ms | Allocations: 725)
  Rendered layout layouts/application.html.erb (Duration: 7.8ms | Allocations: 2583)
Completed 200 OK in 12ms (Views: 8.3ms | ActiveRecord: 0.1ms | Allocations: 2867)


Started GET "/errors/new" for ::1 at 2024-04-24 01:51:50 -0400
Processing by ErrorsController#new as HTML
  Rendering layout layouts/application.html.erb
  Rendering errors/new.html.erb within layouts/application
  [1m[36mUser Load (2.9ms)[0m  [1m[34mSELECT "users".* FROM "users" WHERE "users"."id" = ? ORDER BY "users"."id" ASC LIMIT ?[0m  [["id", 1], ["LIMIT", 1]]
  ↳ app/views/errors/_form.html.erb:46
  Rendered errors/_form.html.erb (Duration: 19.0ms | Allocations: 5501)
  Rendered errors/new.html.erb within layouts/application (Duration: 22.2ms | Allocations: 5807)
  Rendered home/_header.html.erb (Duration: 1.2ms | Allocations: 555)
  Rendered layout layouts/application.html.erb (Duration: 75.5ms | Allocations: 21486)
Completed 200 OK in 106ms (Views: 81.4ms | ActiveRecord: 4.7ms | Allocations: 26801)


Started GET "/errors/new" for ::1 at 2024-04-24 01:51:50 -0400
Processing by ErrorsController#new as HTML
  Rendering layout layouts/application.html.erb
  Rendering errors/new.html.erb within layouts/application
  [1m[36mUser Load (0.1ms)[0m  [1m[34mSELECT "users".* FROM "users" WHERE "users"."id" = ? ORDER BY "users"."id" ASC LIMIT ?[0m  [["id", 1], ["LIMIT", 1]]
  ↳ app/views/errors/_form.html.erb:46
  Rendered errors/_form.html.erb (Duration: 2.8ms | Allocations: 1347)
  Rendered errors/new.html.erb within layouts/application (Duration: 3.1ms | Allocations: 1430)
  Rendered home/_header.html.erb (Duration: 0.2ms | Allocations: 132)
  Rendered layout layouts/application.html.erb (Duration: 7.9ms | Allocations: 2778)
Completed 200 OK in 12ms (Views: 8.5ms | ActiveRecord: 0.1ms | Allocations: 3069)


Started GET "/errors" for ::1 at 2024-04-24 01:52:29 -0400
Processing by ErrorsController#index as HTML
  Rendering layout layouts/application.html.erb
  Rendering errors/index.html.erb within layouts/application
  [1m[36mError Load (0.1ms)[0m  [1m[34mSELECT "errors".* FROM "errors"[0m
  ↳ app/views/errors/index.html.erb:17
  Rendered errors/index.html.erb within layouts/application (Duration: 2.1ms | Allocations: 759)
  [1m[36mUser Load (0.1ms)[0m  [1m[34mSELECT "users".* FROM "users" WHERE "users"."id" = ? ORDER BY "users"."id" ASC LIMIT ?[0m  [["id", 1], ["LIMIT", 1]]
  ↳ app/views/home/_header.html.erb:9
  Rendered home/_header.html.erb (Duration: 1.8ms | Allocations: 725)
  Rendered layout layouts/application.html.erb (Duration: 8.9ms | Allocations: 2929)
Completed 200 OK in 16ms (Views: 9.5ms | ActiveRecord: 0.2ms | Allocations: 3338)


Started GET "/errors" for ::1 at 2024-04-24 01:52:29 -0400
Processing by ErrorsController#index as HTML
  Rendering layout layouts/application.html.erb
  Rendering errors/index.html.erb within layouts/application
  [1m[36mError Load (0.1ms)[0m  [1m[34mSELECT "errors".* FROM "errors"[0m
  ↳ app/views/errors/index.html.erb:17
  Rendered errors/index.html.erb within layouts/application (Duration: 1.1ms | Allocations: 400)
  [1m[36mUser Load (0.1ms)[0m  [1m[34mSELECT "users".* FROM "users" WHERE "users"."id" = ? ORDER BY "users"."id" ASC LIMIT ?[0m  [["id", 1], ["LIMIT", 1]]
  ↳ app/views/home/_header.html.erb:9
  Rendered home/_header.html.erb (Duration: 1.5ms | Allocations: 725)
  Rendered layout layouts/application.html.erb (Duration: 7.3ms | Allocations: 2570)
Completed 200 OK in 12ms (Views: 7.8ms | ActiveRecord: 0.1ms | Allocations: 2854)


Started GET "/errors" for ::1 at 2024-04-24 01:52:37 -0400
Processing by ErrorsController#index as HTML
  Rendering layout layouts/application.html.erb
  Rendering errors/index.html.erb within layouts/application
  [1m[36mError Load (0.1ms)[0m  [1m[34mSELECT "errors".* FROM "errors"[0m
  ↳ app/views/errors/index.html.erb:17
  Rendered errors/index.html.erb within layouts/application (Duration: 4.8ms | Allocations: 1088)
  [1m[36mUser Load (0.1ms)[0m  [1m[34mSELECT "users".* FROM "users" WHERE "users"."id" = ? ORDER BY "users"."id" ASC LIMIT ?[0m  [["id", 1], ["LIMIT", 1]]
  ↳ app/views/home/_header.html.erb:9
  Rendered home/_header.html.erb (Duration: 8.5ms | Allocations: 5046)
  Rendered layout layouts/application.html.erb (Duration: 56.1ms | Allocations: 21482)
Completed 200 OK in 76ms (Views: 61.5ms | ActiveRecord: 4.3ms | Allocations: 23231)


Started GET "/" for ::1 at 2024-04-24 01:52:39 -0400
Processing by HomeController#index as HTML
  Rendering layout layouts/application.html.erb
  Rendering home/index.html.erb within layouts/application
  Rendered home/index.html.erb within layouts/application (Duration: 0.7ms | Allocations: 101)
  [1m[36mUser Load (0.1ms)[0m  [1m[34mSELECT "users".* FROM "users" WHERE "users"."id" = ? ORDER BY "users"."id" ASC LIMIT ?[0m  [["id", 1], ["LIMIT", 1]]
  ↳ app/views/home/_header.html.erb:9
  Rendered home/_header.html.erb (Duration: 1.6ms | Allocations: 747)
  Rendered layout layouts/application.html.erb (Duration: 7.3ms | Allocations: 2307)
Completed 200 OK in 20ms (Views: 14.5ms | ActiveRecord: 0.1ms | Allocations: 2798)


Started GET "/errors" for ::1 at 2024-04-24 01:52:40 -0400
Processing by ErrorsController#index as HTML
  Rendering layout layouts/application.html.erb
  Rendering errors/index.html.erb within layouts/application
  [1m[36mError Load (0.1ms)[0m  [1m[34mSELECT "errors".* FROM "errors"[0m
  ↳ app/views/errors/index.html.erb:17
  Rendered errors/index.html.erb within layouts/application (Duration: 1.3ms | Allocations: 400)
  [1m[36mUser Load (0.1ms)[0m  [1m[34mSELECT "users".* FROM "users" WHERE "users"."id" = ? ORDER BY "users"."id" ASC LIMIT ?[0m  [["id", 1], ["LIMIT", 1]]
  ↳ app/views/home/_header.html.erb:9
  Rendered home/_header.html.erb (Duration: 2.0ms | Allocations: 725)
  Rendered layout layouts/application.html.erb (Duration: 8.2ms | Allocations: 2570)
Completed 200 OK in 13ms (Views: 8.7ms | ActiveRecord: 0.1ms | Allocations: 2852)


Started GET "/errors/new" for ::1 at 2024-04-24 01:53:01 -0400
Processing by ErrorsController#new as HTML
  Rendering layout layouts/application.html.erb
  Rendering errors/new.html.erb within layouts/application
  [1m[36mUser Load (0.2ms)[0m  [1m[34mSELECT "users".* FROM "users" WHERE "users"."id" = ? ORDER BY "users"."id" ASC LIMIT ?[0m  [["id", 1], ["LIMIT", 1]]
  ↳ app/views/errors/_form.html.erb:46
  Rendered errors/_form.html.erb (Duration: 9.4ms | Allocations: 5761)
  Rendered errors/new.html.erb within layouts/application (Duration: 12.8ms | Allocations: 6065)
  Rendered home/_header.html.erb (Duration: 1.4ms | Allocations: 553)
  Rendered layout layouts/application.html.erb (Duration: 53.1ms | Allocations: 21743)
Completed 200 OK in 85ms (Views: 62.9ms | ActiveRecord: 7.7ms | Allocations: 27824)


Started GET "/errors/new" for ::1 at 2024-04-24 01:53:42 -0400
Processing by ErrorsController#new as HTML
  Rendering layout layouts/application.html.erb
  Rendering errors/new.html.erb within layouts/application
  [1m[36mUser Load (0.1ms)[0m  [1m[34mSELECT "users".* FROM "users" WHERE "users"."id" = ? ORDER BY "users"."id" ASC LIMIT ?[0m  [["id", 1], ["LIMIT", 1]]
  ↳ app/views/errors/_form.html.erb:46
  Rendered errors/_form.html.erb (Duration: 3.1ms | Allocations: 1364)
  Rendered errors/new.html.erb within layouts/application (Duration: 3.4ms | Allocations: 1447)
  Rendered home/_header.html.erb (Duration: 0.2ms | Allocations: 132)
  Rendered layout layouts/application.html.erb (Duration: 8.2ms | Allocations: 2788)
Completed 200 OK in 13ms (Views: 8.8ms | ActiveRecord: 0.1ms | Allocations: 3080)


Started GET "/" for ::1 at 2024-04-24 01:53:46 -0400
Processing by HomeController#index as HTML
  Rendering layout layouts/application.html.erb
  Rendering home/index.html.erb within layouts/application
  Rendered home/index.html.erb within layouts/application (Duration: 0.6ms | Allocations: 101)
  [1m[36mUser Load (0.1ms)[0m  [1m[34mSELECT "users".* FROM "users" WHERE "users"."id" = ? ORDER BY "users"."id" ASC LIMIT ?[0m  [["id", 1], ["LIMIT", 1]]
  ↳ app/views/home/_header.html.erb:9
  Rendered home/_header.html.erb (Duration: 1.6ms | Allocations: 747)
  Rendered layout layouts/application.html.erb (Duration: 7.1ms | Allocations: 2312)
Completed 200 OK in 19ms (Views: 14.0ms | ActiveRecord: 0.1ms | Allocations: 2804)


Started GET "/users/edit" for ::1 at 2024-04-24 02:05:57 -0400
Started GET "/home/help" for ::1 at 2024-04-24 02:05:57 -0400
Processing by Devise::RegistrationsController#edit as HTML
  [1m[36mUser Load (2.4ms)[0m  [1m[34mSELECT "users".* FROM "users" WHERE "users"."id" = ? ORDER BY "users"."id" ASC LIMIT ?[0m  [["id", 1], ["LIMIT", 1]]
  Rendering layout layouts/application.html.erb
  Rendering devise/registrations/edit.html.erb within layouts/application
  Rendered devise/shared/_error_messages.html.erb (Duration: 0.7ms | Allocations: 219)
  Rendered devise/registrations/edit.html.erb within layouts/application (Duration: 6.0ms | Allocations: 2031)
  Rendered home/_header.html.erb (Duration: 1.0ms | Allocations: 563)
  Rendered layout layouts/application.html.erb (Duration: 43.1ms | Allocations: 17731)
Completed 200 OK in 73ms (Views: 60.5ms | ActiveRecord: 3.9ms | Allocations: 23893)


Processing by HomeController#help as HTML
  Rendering layout layouts/application.html.erb
  Rendering home/help.html.erb within layouts/application
  Rendered home/help.html.erb within layouts/application (Duration: 0.5ms | Allocations: 104)
  [1m[36mUser Load (0.1ms)[0m  [1m[34mSELECT "users".* FROM "users" WHERE "users"."id" = ? ORDER BY "users"."id" ASC LIMIT ?[0m  [["id", 1], ["LIMIT", 1]]
  ↳ app/views/home/_header.html.erb:9
  Rendered home/_header.html.erb (Duration: 9.9ms | Allocations: 5373)
  Rendered layout layouts/application.html.erb (Duration: 48.3ms | Allocations: 20718)
Completed 200 OK in 68ms (Views: 53.8ms | ActiveRecord: 3.8ms | Allocations: 21654)


Started GET "/home/help" for ::1 at 2024-04-24 02:07:39 -0400
Processing by HomeController#help as HTML
  Rendering layout layouts/application.html.erb
  Rendering home/help.html.erb within layouts/application
  Rendered home/help.html.erb within layouts/application (Duration: 0.9ms | Allocations: 109)
  [1m[36mUser Load (0.1ms)[0m  [1m[34mSELECT "users".* FROM "users" WHERE "users"."id" = ? ORDER BY "users"."id" ASC LIMIT ?[0m  [["id", 1], ["LIMIT", 1]]
  ↳ app/views/home/_header.html.erb:9
  Rendered home/_header.html.erb (Duration: 12.4ms | Allocations: 5332)
  Rendered layout layouts/application.html.erb (Duration: 48.1ms | Allocations: 20741)
Completed 200 OK in 69ms (Views: 54.1ms | ActiveRecord: 3.7ms | Allocations: 21677)


Started GET "/home/help" for ::1 at 2024-04-24 02:08:02 -0400
Processing by HomeController#help as HTML
  Rendering layout layouts/application.html.erb
  Rendering home/help.html.erb within layouts/application
  Rendered home/help.html.erb within layouts/application (Duration: 0.7ms | Allocations: 113)
  [1m[36mUser Load (0.1ms)[0m  [1m[34mSELECT "users".* FROM "users" WHERE "users"."id" = ? ORDER BY "users"."id" ASC LIMIT ?[0m  [["id", 1], ["LIMIT", 1]]
  ↳ app/views/home/_header.html.erb:9
  Rendered home/_header.html.erb (Duration: 11.1ms | Allocations: 5374)
  Rendered layout layouts/application.html.erb (Duration: 99.3ms | Allocations: 20808)
Completed 200 OK in 120ms (Views: 104.5ms | ActiveRecord: 4.6ms | Allocations: 21744)


Started GET "/home/help" for ::1 at 2024-04-24 02:08:13 -0400
Processing by HomeController#help as HTML
  Rendering layout layouts/application.html.erb
  Rendering home/help.html.erb within layouts/application
  Rendered home/help.html.erb within layouts/application (Duration: 0.6ms | Allocations: 109)
  [1m[36mUser Load (0.1ms)[0m  [1m[34mSELECT "users".* FROM "users" WHERE "users"."id" = ? ORDER BY "users"."id" ASC LIMIT ?[0m  [["id", 1], ["LIMIT", 1]]
  ↳ app/views/home/_header.html.erb:9
  Rendered home/_header.html.erb (Duration: 9.5ms | Allocations: 5313)
  Rendered layout layouts/application.html.erb (Duration: 46.5ms | Allocations: 20699)
Completed 200 OK in 66ms (Views: 51.9ms | ActiveRecord: 4.0ms | Allocations: 21635)


